Using pre-set license
Built from '2021.3/staging' branch; Version is '2021.3.1f1 (3b70a0754835) revision 3895456'; Using compiler version '192829333'; Build Type 'Release'
OS: 'Windows 10  (10.0.19045) 64bit CoreSingleLanguage' Language: 'en' Physical Memory: 16230 MB
BatchMode: 1, IsHumanControllingUs: 0, StartBugReporterOnCrash: 0, Is64bit: 1, IsPro: 1

COMMAND LINE ARGUMENTS:
C:\Program Files\Unity\2021.3.1f1\Editor\Unity.exe
-adb2
-batchMode
-noUpm
-name
AssetImportWorker4
-projectPath
D:/Work/New folder (3)/Mirror Network TaskVictim
-logFile
Logs/AssetImportWorker4.log
-srvPort
50115
Successfully changed project path to: D:/Work/New folder (3)/Mirror Network TaskVictim
D:/Work/New folder (3)/Mirror Network TaskVictim
[UnityMemory] Configuration Parameters - Can be set up in boot.config
    "memorysetup-bucket-allocator-granularity=16"
    "memorysetup-bucket-allocator-bucket-count=8"
    "memorysetup-bucket-allocator-block-size=33554432"
    "memorysetup-bucket-allocator-block-count=8"
    "memorysetup-main-allocator-block-size=16777216"
    "memorysetup-thread-allocator-block-size=16777216"
    "memorysetup-gfx-main-allocator-block-size=16777216"
    "memorysetup-gfx-thread-allocator-block-size=16777216"
    "memorysetup-cache-allocator-block-size=4194304"
    "memorysetup-typetree-allocator-block-size=2097152"
    "memorysetup-profiler-bucket-allocator-granularity=16"
    "memorysetup-profiler-bucket-allocator-bucket-count=8"
    "memorysetup-profiler-bucket-allocator-block-size=33554432"
    "memorysetup-profiler-bucket-allocator-block-count=8"
    "memorysetup-profiler-allocator-block-size=16777216"
    "memorysetup-profiler-editor-allocator-block-size=1048576"
    "memorysetup-temp-allocator-size-main=16777216"
    "memorysetup-job-temp-allocator-block-size=2097152"
    "memorysetup-job-temp-allocator-block-size-background=1048576"
    "memorysetup-job-temp-allocator-reduction-small-platforms=262144"
    "memorysetup-temp-allocator-size-background-worker=32768"
    "memorysetup-temp-allocator-size-job-worker=262144"
    "memorysetup-temp-allocator-size-preload-manager=33554432"
    "memorysetup-temp-allocator-size-nav-mesh-worker=65536"
    "memorysetup-temp-allocator-size-audio-worker=65536"
    "memorysetup-temp-allocator-size-cloud-worker=32768"
    "memorysetup-temp-allocator-size-gi-baking-worker=262144"
    "memorysetup-temp-allocator-size-gfx=262144"
Refreshing native plugins compatible for Editor in 154.80 ms, found 3 plugins.
Preloading 0 native plugins for Editor in 0.00 ms.
Initialize engine version: 2021.3.1f1 (3b70a0754835)
[Subsystems] Discovering subsystems at path C:/Program Files/Unity/2021.3.1f1/Editor/Data/Resources/UnitySubsystems
[Subsystems] Discovering subsystems at path D:/Work/New folder (3)/Mirror Network TaskVictim/Assets
GfxDevice: creating device client; threaded=0; jobified=0
Direct3D:
    Version:  Direct3D 11.0 [level 11.1]
    Renderer: NVIDIA GeForce GTX 1050 Ti (ID=0x1c8f)
    Vendor:   NVIDIA
    VRAM:     4020 MB
    Driver:   31.0.15.3713
Initialize mono
Mono path[0] = 'C:/Program Files/Unity/2021.3.1f1/Editor/Data/Managed'
Mono path[1] = 'C:/Program Files/Unity/2021.3.1f1/Editor/Data/MonoBleedingEdge/lib/mono/unityjit-win32'
Mono config path = 'C:/Program Files/Unity/2021.3.1f1/Editor/Data/MonoBleedingEdge/etc'
Using monoOptions --debugger-agent=transport=dt_socket,embedding=1,server=y,suspend=n,address=127.0.0.1:56884
Begin MonoManager ReloadAssembly
Registering precompiled unity dll's ...
Register platform support module: C:/Program Files/Unity/2021.3.1f1/Editor/Data/PlaybackEngines/AndroidPlayer/UnityEditor.Android.Extensions.dll
Register platform support module: C:/Program Files/Unity/2021.3.1f1/Editor/Data/PlaybackEngines/WindowsStandaloneSupport/UnityEditor.WindowsStandalone.Extensions.dll
Registered in 0.007781 seconds.
Native extension for WindowsStandalone target not found
Native extension for Android target not found
Android SDK Build-tools component is not found. Make sure all tools are installed in the SDK manager. Latest supported build-tools version is 30.0.2
UnityEngine.StackTraceUtility:ExtractStackTrace ()
UnityEngine.DebugLogHandler:LogFormat (UnityEngine.LogType,UnityEngine.Object,string,object[])
UnityEngine.Logger:Log (UnityEngine.LogType,object)
UnityEngine.Debug:LogError (object)
UnityEditor.Android.AndroidSDKTools:UpdateToolsDirectories ()
UnityEditor.Android.AndroidSDKTools:.ctor (string)
UnityEditor.Android.AndroidSDKTools:CreateAndroidSDKTools (string)
UnityEditor.Android.AndroidSDKTools:GetInstance<UnityEditor.Android.AndroidSDKTools> (UnityEditor.Android.AndroidSDKTools/InstanceCreator)
UnityEditor.Android.AndroidSDKTools:GetInstance ()
UnityEditor.Android.AndroidDeploymentTargetsExtension:GetMainThreadContext (bool)
UnityEditor.Android.TargetExtension:OnUsbDevicesChanged (UnityEditor.Hardware.UsbDevice[])
UnityEditor.Android.TargetExtension:OnLoad ()
UnityEditor.Modules.ModuleManager:InitializePlatformSupportModules ()

Refreshing native plugins compatible for Editor in 151.13 ms, found 3 plugins.
Preloading 0 native plugins for Editor in 0.00 ms.
Mono: successfully reloaded assembly
- Completed reload, in  0.865 seconds
Domain Reload Profiling:
	ReloadAssembly (866ms)
		BeginReloadAssembly (97ms)
			ExecutionOrderSort (0ms)
			DisableScriptedObjects (0ms)
			BackupInstance (0ms)
			ReleaseScriptingObjects (0ms)
			CreateAndSetChildDomain (1ms)
		EndReloadAssembly (615ms)
			LoadAssemblies (95ms)
			RebuildTransferFunctionScriptingTraits (0ms)
			SetupTypeCache (130ms)
			ReleaseScriptCaches (0ms)
			RebuildScriptCaches (34ms)
			SetupLoadedEditorAssemblies (389ms)
				LogAssemblyErrors (0ms)
				InitializePlatformSupportModulesInManaged (70ms)
				SetLoadedEditorAssemblies (0ms)
				RefreshPlugins (151ms)
				BeforeProcessingInitializeOnLoad (1ms)
				ProcessInitializeOnLoadAttributes (115ms)
				ProcessInitializeOnLoadMethodAttributes (51ms)
				AfterProcessingInitializeOnLoad (0ms)
				EditorAssembliesLoaded (0ms)
			ExecutionOrderSort2 (0ms)
			AwakeInstancesAfterBackupRestoration (0ms)
Platform modules already initialized, skipping
Registering precompiled user dll's ...
Registered in 0.006053 seconds.
Begin MonoManager ReloadAssembly
Symbol file LoadedFromMemory doesn't match image D:\Work\New folder (3)\Mirror Network TaskVictim\Library\PackageCache\com.unity.visualscripting@1.8.0\Editor\VisualScripting.Core\Dependencies\YamlDotNet\Unity.VisualScripting.YamlDotNet.dll
Symbol file LoadedFromMemory doesn't match image D:\Work\New folder (3)\Mirror Network TaskVictim\Library\PackageCache\com.unity.visualscripting@1.8.0\Editor\VisualScripting.Core\Dependencies\DotNetZip\Unity.VisualScripting.IonicZip.dll
Native extension for WindowsStandalone target not found
Native extension for Android target not found
Refreshing native plugins compatible for Editor in 168.56 ms, found 3 plugins.
Preloading 0 native plugins for Editor in 0.00 ms.
Mirror | mirror-networking.com | discord.gg/N9QVxbM
UnityEngine.StackTraceUtility:ExtractStackTrace ()
UnityEngine.DebugLogHandler:LogFormat (UnityEngine.LogType,UnityEngine.Object,string,object[])
UnityEngine.Logger:Log (UnityEngine.LogType,object)
UnityEngine.Debug:Log (object)
Mirror.Welcome:OnInitializeOnLoad () (at Assets/Mirror/Editor/Welcome.cs:18)
System.Reflection.RuntimeMethodInfo:Invoke (object,System.Reflection.BindingFlags,System.Reflection.Binder,object[],System.Globalization.CultureInfo)
System.Reflection.MethodBase:Invoke (object,object[])
UnityEditor.EditorAssemblies:ProcessInitializeOnLoadMethodAttributes ()

(Filename: Assets/Mirror/Editor/Welcome.cs Line: 18)

Mono: successfully reloaded assembly
- Completed reload, in  9.121 seconds
Domain Reload Profiling:
	ReloadAssembly (9122ms)
		BeginReloadAssembly (256ms)
			ExecutionOrderSort (0ms)
			DisableScriptedObjects (7ms)
			BackupInstance (0ms)
			ReleaseScriptingObjects (0ms)
			CreateAndSetChildDomain (130ms)
		EndReloadAssembly (8639ms)
			LoadAssemblies (6380ms)
			RebuildTransferFunctionScriptingTraits (0ms)
			SetupTypeCache (1153ms)
			ReleaseScriptCaches (1ms)
			RebuildScriptCaches (106ms)
			SetupLoadedEditorAssemblies (938ms)
				LogAssemblyErrors (0ms)
				InitializePlatformSupportModulesInManaged (17ms)
				SetLoadedEditorAssemblies (0ms)
				RefreshPlugins (169ms)
				BeforeProcessingInitializeOnLoad (132ms)
				ProcessInitializeOnLoadAttributes (558ms)
				ProcessInitializeOnLoadMethodAttributes (51ms)
				AfterProcessingInitializeOnLoad (11ms)
				EditorAssembliesLoaded (0ms)
			ExecutionOrderSort2 (0ms)
			AwakeInstancesAfterBackupRestoration (8ms)
Platform modules already initialized, skipping
========================================================================
Worker process is ready to serve import requests
Launched and connected shader compiler UnityShaderCompiler.exe after 0.05 seconds
Refreshing native plugins compatible for Editor in 0.98 ms, found 3 plugins.
Preloading 0 native plugins for Editor in 0.00 ms.
Unloading 4970 Unused Serialized files (Serialized files now loaded: 0)
Unloading 51 unused Assets / (183.4 KB). Loaded Objects now: 5425.
Memory consumption went from 184.9 MB to 184.8 MB.
Total: 4.300100 ms (FindLiveObjects: 0.495700 ms CreateObjectMapping: 0.449700 ms MarkObjects: 3.187300 ms  DeleteObjects: 0.166200 ms)

AssetImportParameters requested are different than current active one (requested -> active):
  custom:video-decoder-ogg-theora: a1e56fd34408186e4bbccfd4996cb3dc -> 
  custom:container-muxer-webm: aa71ff27fc2769a1b78a27578f13a17b -> 
  custom:container-demuxer-webm: 4f35f7cbe854078d1ac9338744f61a02 -> 
  custom:video-encoder-webm-vp8: eb34c28f22e8b96e1ab97ce403110664 -> 
  custom:audio-encoder-webm-vorbis: bf7c407c2cedff20999df2af8eb42d56 -> 
  custom:framework-win-MediaFoundation: 216162199b28c13a410421893ffa2e32 -> 
  custom:container-demuxer-ogg: 62fdf1f143b41e24485cea50d1cbac27 -> 
  custom:video-decoder-webm-vp8: 9c59270c3fd7afecdb556c50c9e8de78 -> 
  custom:audio-decoder-ogg-vorbis: bf7c407c2cedff20999df2af8eb42d56 -> 
========================================================================
Received Import Request.
  Time since last request: 2741.184790 seconds.
  path: Assets/Kevin Iglesias/Basic Motions/Animations/Movement
  artifactKey: Guid(162d3c986ae81044b8e9de5caae05de1) Importer(815301076,1909f56bfc062723c751e8b465ee728b)
Start importing Assets/Kevin Iglesias/Basic Motions/Animations/Movement using Guid(162d3c986ae81044b8e9de5caae05de1) Importer(815301076,1909f56bfc062723c751e8b465ee728b)  -> (artifact id: 'df37749e8334ca9fc0008f0d72c63dfc') in 0.015211 seconds 
========================================================================
Received Import Request.
  Time since last request: 0.000025 seconds.
  path: Assets/Kevin Iglesias/Basic Motions/Animations/Movement/BasicMotions@SkidStop01.fbx
  artifactKey: Guid(a57ac3f83414fb440b6c52cb6be60350) Importer(815301076,1909f56bfc062723c751e8b465ee728b)
Start importing Assets/Kevin Iglesias/Basic Motions/Animations/Movement/BasicMotions@SkidStop01.fbx using Guid(a57ac3f83414fb440b6c52cb6be60350) Importer(815301076,1909f56bfc062723c751e8b465ee728b)  -> (artifact id: '359c7f76395ab935ccd7e8577718f1fe') in 0.116506 seconds 
========================================================================
Received Import Request.
  Time since last request: 0.000027 seconds.
  path: Assets/Kevin Iglesias/Basic Motions/Animations/Movement/BasicMotions@TurnAround02.fbx
  artifactKey: Guid(331c5ebf84aac3f408fdf6c2570e2ce0) Importer(815301076,1909f56bfc062723c751e8b465ee728b)
Start importing Assets/Kevin Iglesias/Basic Motions/Animations/Movement/BasicMotions@TurnAround02.fbx using Guid(331c5ebf84aac3f408fdf6c2570e2ce0) Importer(815301076,1909f56bfc062723c751e8b465ee728b)  -> (artifact id: '6b6aaeb41634cd5494fe9ee8a19d1f72') in 0.026035 seconds 
========================================================================
Received Import Request.
  Time since last request: 0.000023 seconds.
  path: Assets/Kevin Iglesias/Basic Motions/Animations/Movement/BasicMotions@TurnAround01.fbx
  artifactKey: Guid(ebe6e7ef299029b4f9d792cfa0c5ca2a) Importer(815301076,1909f56bfc062723c751e8b465ee728b)
Start importing Assets/Kevin Iglesias/Basic Motions/Animations/Movement/BasicMotions@TurnAround01.fbx using Guid(ebe6e7ef299029b4f9d792cfa0c5ca2a) Importer(815301076,1909f56bfc062723c751e8b465ee728b)  -> (artifact id: '146a15d68c697ae5a5fd281646cadebb') in 0.026219 seconds 
========================================================================
Received Import Request.
  Time since last request: 0.000026 seconds.
  path: Assets/Kevin Iglesias/Basic Motions/Materials/BasicMotionsMaterial.mat
  artifactKey: Guid(ccc50d631d14df84a982c4f4acd00013) Importer(815301076,1909f56bfc062723c751e8b465ee728b)
Start importing Assets/Kevin Iglesias/Basic Motions/Materials/BasicMotionsMaterial.mat using Guid(ccc50d631d14df84a982c4f4acd00013) Importer(815301076,1909f56bfc062723c751e8b465ee728b)  -> (artifact id: '656cb223f07345dea5bded994fe1faf3') in 0.170663 seconds 
========================================================================
Received Import Request.
  Time since last request: 0.000027 seconds.
  path: Assets/Kevin Iglesias/Basic Motions/Prefabs
  artifactKey: Guid(09f81d62173a5e740ac94844bbe0316e) Importer(815301076,1909f56bfc062723c751e8b465ee728b)
Start importing Assets/Kevin Iglesias/Basic Motions/Prefabs using Guid(09f81d62173a5e740ac94844bbe0316e) Importer(815301076,1909f56bfc062723c751e8b465ee728b)  -> (artifact id: '1c3ae90128d97e3c2ee23fdb6722e69f') in 0.028121 seconds 
========================================================================
Received Import Request.
  Time since last request: 0.000062 seconds.
  path: Assets/Kevin Iglesias/Basic Motions/Animations/Movement/BasicMotions@Run01.fbx
  artifactKey: Guid(83ed209ea436efc4aba715fe2858546f) Importer(815301076,1909f56bfc062723c751e8b465ee728b)
Start importing Assets/Kevin Iglesias/Basic Motions/Animations/Movement/BasicMotions@Run01.fbx using Guid(83ed209ea436efc4aba715fe2858546f) Importer(815301076,1909f56bfc062723c751e8b465ee728b)  -> (artifact id: '8152b03b3b12fc15c049de654fc576ad') in 0.030300 seconds 
========================================================================
Received Import Request.
  Time since last request: 0.000035 seconds.
  path: Assets/Kevin Iglesias/Basic Motions/Models
  artifactKey: Guid(c310a300a0358f94f81e0eeb585d6cf4) Importer(815301076,1909f56bfc062723c751e8b465ee728b)
Start importing Assets/Kevin Iglesias/Basic Motions/Models using Guid(c310a300a0358f94f81e0eeb585d6cf4) Importer(815301076,1909f56bfc062723c751e8b465ee728b)  -> (artifact id: 'f137f79b6d3aa7724ecf84e03fb41deb') in 0.009420 seconds 
========================================================================
Received Import Request.
  Time since last request: 0.000029 seconds.
  path: Assets/Kevin Iglesias/Basic Motions/Models/BasicMotionsDummyModel.fbx
  artifactKey: Guid(5917c0e93d180a842b61d1ebc62a195c) Importer(815301076,1909f56bfc062723c751e8b465ee728b)
Start importing Assets/Kevin Iglesias/Basic Motions/Models/BasicMotionsDummyModel.fbx using Guid(5917c0e93d180a842b61d1ebc62a195c) Importer(815301076,1909f56bfc062723c751e8b465ee728b)  -> (artifact id: '6cc73cb9e5d78ad7d12d824ac9533ac5') in 0.086439 seconds 
========================================================================
Received Import Request.
  Time since last request: 0.000017 seconds.
  path: Assets/Kevin Iglesias/Basic Motions/Animations/Movement/BasicMotions@Strafe01.fbx
  artifactKey: Guid(965e8fa8f0644d741bc9baca0a3954fe) Importer(815301076,1909f56bfc062723c751e8b465ee728b)
Start importing Assets/Kevin Iglesias/Basic Motions/Animations/Movement/BasicMotions@Strafe01.fbx using Guid(965e8fa8f0644d741bc9baca0a3954fe) Importer(815301076,1909f56bfc062723c751e8b465ee728b)  -> (artifact id: '5cbd13fb0d18fd184c39f4cb0d353773') in 0.032832 seconds 
========================================================================
Received Import Request.
  Time since last request: 0.000026 seconds.
  path: Assets/Kevin Iglesias/Basic Motions/Animations/Movement/BasicMotions@Walk01.fbx
  artifactKey: Guid(b3f3ac3565beb18429901d070f0eec02) Importer(815301076,1909f56bfc062723c751e8b465ee728b)
Start importing Assets/Kevin Iglesias/Basic Motions/Animations/Movement/BasicMotions@Walk01.fbx using Guid(b3f3ac3565beb18429901d070f0eec02) Importer(815301076,1909f56bfc062723c751e8b465ee728b)  -> (artifact id: 'cfbb0feaa94b25cbd8ef3766c963b455') in 0.032382 seconds 
========================================================================
Received Import Request.
  Time since last request: 0.000058 seconds.
  path: Assets/Kevin Iglesias/Basic Motions/Prefabs/MedChair.prefab
  artifactKey: Guid(1d1655e7d25747c4f9a88829e7e817d0) Importer(815301076,1909f56bfc062723c751e8b465ee728b)
Start importing Assets/Kevin Iglesias/Basic Motions/Prefabs/MedChair.prefab using Guid(1d1655e7d25747c4f9a88829e7e817d0) Importer(815301076,1909f56bfc062723c751e8b465ee728b)  -> (artifact id: 'f11e2648211d9654fcbd0ac8bd5c8f45') in 0.020548 seconds 
========================================================================
Received Import Request.
  Time since last request: 0.000019 seconds.
  path: Assets/Kevin Iglesias/Basic Motions/Prefabs/HighChair.prefab
  artifactKey: Guid(8ba5db5defcb5864ea0a5a0c382aa801) Importer(815301076,1909f56bfc062723c751e8b465ee728b)
Start importing Assets/Kevin Iglesias/Basic Motions/Prefabs/HighChair.prefab using Guid(8ba5db5defcb5864ea0a5a0c382aa801) Importer(815301076,1909f56bfc062723c751e8b465ee728b)  -> (artifact id: '6518f622e8ed26649f67b0e11d10ec0b') in 0.021140 seconds 
========================================================================
Received Import Request.
  Time since last request: 0.000023 seconds.
  path: Assets/Kevin Iglesias/Basic Motions/Animations
  artifactKey: Guid(7eb11f9df068c2b45bc52cfc0d6e3f25) Importer(815301076,1909f56bfc062723c751e8b465ee728b)
Start importing Assets/Kevin Iglesias/Basic Motions/Animations using Guid(7eb11f9df068c2b45bc52cfc0d6e3f25) Importer(815301076,1909f56bfc062723c751e8b465ee728b)  -> (artifact id: '4f676254c8e8b80f05cb8c6ee563b310') in 0.011697 seconds 
========================================================================
Received Import Request.
  Time since last request: 0.000029 seconds.
  path: Assets/Kevin Iglesias/Basic Motions/Animations/Movement/BasicMotions@ShuffleRight.fbx
  artifactKey: Guid(6a2542a821d75d948a69d0988fd66784) Importer(815301076,1909f56bfc062723c751e8b465ee728b)
Start importing Assets/Kevin Iglesias/Basic Motions/Animations/Movement/BasicMotions@ShuffleRight.fbx using Guid(6a2542a821d75d948a69d0988fd66784) Importer(815301076,1909f56bfc062723c751e8b465ee728b)  -> (artifact id: 'd9139049704dd9427019eba696ba5f62') in 0.032640 seconds 
========================================================================
Received Import Request.
  Time since last request: 0.000035 seconds.
  path: Assets/Kevin Iglesias/Basic Motions/Prefabs/LowChair.prefab
  artifactKey: Guid(6302a240cf43be4458e4059303dbf264) Importer(815301076,1909f56bfc062723c751e8b465ee728b)
Start importing Assets/Kevin Iglesias/Basic Motions/Prefabs/LowChair.prefab using Guid(6302a240cf43be4458e4059303dbf264) Importer(815301076,1909f56bfc062723c751e8b465ee728b)  -> (artifact id: 'dc746f34b15b7abadf31e82689670ce6') in 0.013837 seconds 
========================================================================
Received Import Request.
  Time since last request: 0.000022 seconds.
  path: Assets/Kevin Iglesias/Basic Motions/Animations/Misc
  artifactKey: Guid(884b165831874404b9dced36becae4a3) Importer(815301076,1909f56bfc062723c751e8b465ee728b)
Start importing Assets/Kevin Iglesias/Basic Motions/Animations/Misc using Guid(884b165831874404b9dced36becae4a3) Importer(815301076,1909f56bfc062723c751e8b465ee728b)  -> (artifact id: 'e162101cb3848b4c0919269e3cfb7e69') in 0.009000 seconds 
========================================================================
Received Import Request.
  Time since last request: 0.000025 seconds.
  path: Assets/TemporaryPrefabs/PlayerArmature 1.prefab
  artifactKey: Guid(de1baab9f8c85294f8f353e70ac1f78b) Importer(815301076,1909f56bfc062723c751e8b465ee728b)
Start importing Assets/TemporaryPrefabs/PlayerArmature 1.prefab using Guid(de1baab9f8c85294f8f353e70ac1f78b) Importer(815301076,1909f56bfc062723c751e8b465ee728b) PlayerArmature 1's NetworkTransform component has obsolete .clientAuthority enabled. Please disable it and set SyncDirection to ClientToServer instead.
UnityEngine.StackTraceUtility:ExtractStackTrace ()
UnityEngine.DebugLogHandler:LogFormat (UnityEngine.LogType,UnityEngine.Object,string,object[])
UnityEngine.Logger:Log (UnityEngine.LogType,object)
UnityEngine.Debug:LogWarning (object)
Mirror.NetworkTransformBase:OnValidate () (at Assets/Mirror/Components/NetworkTransform/NetworkTransformBase.cs:130)

(Filename: Assets/Mirror/Components/NetworkTransform/NetworkTransformBase.cs Line: 130)

Asset 'StarterAssetsThirdPerson': Transition 'Idle Walk Run Blend -> isSwimming' in state 'Idle Walk Run Blend' doesn't have an Exit Time or any condition, transition will be ignored
UnityEngine.StackTraceUtility:ExtractStackTrace ()
UnityEditor.EditorUtility:Internal_InstantiateRemoveAllNonAnimationComponentsSingle (UnityEngine.Object,UnityEngine.Vector3,UnityEngine.Quaternion)
UnityEditor.EditorUtility:InstantiateRemoveAllNonAnimationComponents (UnityEngine.Object,UnityEngine.Vector3,UnityEngine.Quaternion)
UnityEditor.EditorUtility:InstantiateForAnimatorPreview (UnityEngine.Object)
UnityEditor.GameObjectInspector/PreviewData:UpdateGameObject (UnityEngine.Object)
UnityEditor.GameObjectInspector/PreviewData:.ctor (UnityEngine.Object)
UnityEditor.GameObjectInspector:GetPreviewData ()
UnityEditor.GameObjectInspector:RenderStaticPreview (string,UnityEngine.Object[],int,int)
UnityEditor.AssetPreviewUpdater:CreatePreview (UnityEngine.Object,UnityEngine.Object[],string,int,int)
UnityEditor.AssetPreviewUpdater:CreatePreviewForAsset (UnityEngine.Object,UnityEngine.Object[],string)

[C:\buildslave\unity\build\Editor\Src\Animation\StateMachine.cpp line 1845]

 -> (artifact id: '3dd712b98189ccc2af95a858b029ff61') in 0.170180 seconds 
========================================================================
Received Import Request.
  Time since last request: 46.249943 seconds.
  path: Assets/Kevin Iglesias/Basic Motions/AnimationControllers/BasicMotions@Cheer01.controller
  artifactKey: Guid(7d05b9f214b59c242924642c971ea4c4) Importer(815301076,1909f56bfc062723c751e8b465ee728b)
Start importing Assets/Kevin Iglesias/Basic Motions/AnimationControllers/BasicMotions@Cheer01.controller using Guid(7d05b9f214b59c242924642c971ea4c4) Importer(815301076,1909f56bfc062723c751e8b465ee728b)  -> (artifact id: 'c97488d419e5c4849c74d002a2d442d5') in 0.013045 seconds 
========================================================================
Received Import Request.
  Time since last request: 1.203383 seconds.
  path: Assets/Kevin Iglesias/Basic Motions/AnimationControllers/BasicMotions@Cheer02.controller
  artifactKey: Guid(7613e88315588f748a698fd9c74ffdbe) Importer(815301076,1909f56bfc062723c751e8b465ee728b)
Start importing Assets/Kevin Iglesias/Basic Motions/AnimationControllers/BasicMotions@Cheer02.controller using Guid(7613e88315588f748a698fd9c74ffdbe) Importer(815301076,1909f56bfc062723c751e8b465ee728b)  -> (artifact id: '8ce11ac9a9581a4cfb1c5cfb65d66472') in 0.009222 seconds 
========================================================================
Received Import Request.
  Time since last request: 0.974869 seconds.
  path: Assets/Kevin Iglesias/Basic Motions/AnimationControllers/BasicMotions@IdleWounded.controller
  artifactKey: Guid(c09b92323d3a80a44a173631308bb853) Importer(815301076,1909f56bfc062723c751e8b465ee728b)
Start importing Assets/Kevin Iglesias/Basic Motions/AnimationControllers/BasicMotions@IdleWounded.controller using Guid(c09b92323d3a80a44a173631308bb853) Importer(815301076,1909f56bfc062723c751e8b465ee728b)  -> (artifact id: '06a751e6b049a6350c03c30b82e21228') in 0.010342 seconds 
========================================================================
Received Import Request.
  Time since last request: 0.145786 seconds.
  path: Assets/Kevin Iglesias/Basic Motions/AnimationControllers/BasicMotions@SitGround.controller
  artifactKey: Guid(d5caf5b6b83989a45aaf88ff32712fd2) Importer(815301076,1909f56bfc062723c751e8b465ee728b)
Start importing Assets/Kevin Iglesias/Basic Motions/AnimationControllers/BasicMotions@SitGround.controller using Guid(d5caf5b6b83989a45aaf88ff32712fd2) Importer(815301076,1909f56bfc062723c751e8b465ee728b)  -> (artifact id: '67f38b90e1a0ad42abd16b952f55a6cf') in 0.011363 seconds 
========================================================================
Received Import Request.
  Time since last request: 0.550004 seconds.
  path: Assets/Kevin Iglesias/Basic Motions/AnimationControllers/BasicMotions@SitHigh.controller
  artifactKey: Guid(82d3bed3f7ce60b439c0142d6cfc1cd2) Importer(815301076,1909f56bfc062723c751e8b465ee728b)
Start importing Assets/Kevin Iglesias/Basic Motions/AnimationControllers/BasicMotions@SitHigh.controller using Guid(82d3bed3f7ce60b439c0142d6cfc1cd2) Importer(815301076,1909f56bfc062723c751e8b465ee728b)  -> (artifact id: '3fab718007952b9e7f5b4a3fc0c90235') in 0.012849 seconds 
========================================================================
Received Import Request.
  Time since last request: 0.274031 seconds.
  path: Assets/Kevin Iglesias/Basic Motions/AnimationControllers/BasicMotions@SitLow.controller
  artifactKey: Guid(45f3f252a4071a8469be41ad834153bb) Importer(815301076,1909f56bfc062723c751e8b465ee728b)
Start importing Assets/Kevin Iglesias/Basic Motions/AnimationControllers/BasicMotions@SitLow.controller using Guid(45f3f252a4071a8469be41ad834153bb) Importer(815301076,1909f56bfc062723c751e8b465ee728b)  -> (artifact id: '0813a65dda38ca227f361db51111650a') in 0.010982 seconds 
========================================================================
Received Import Request.
  Time since last request: 0.432340 seconds.
  path: Assets/Kevin Iglesias/Basic Motions/AnimationControllers/BasicMotions@SitMed.controller
  artifactKey: Guid(23d92ded4a27a464ea0e7b67c321d92c) Importer(815301076,1909f56bfc062723c751e8b465ee728b)
Start importing Assets/Kevin Iglesias/Basic Motions/AnimationControllers/BasicMotions@SitMed.controller using Guid(23d92ded4a27a464ea0e7b67c321d92c) Importer(815301076,1909f56bfc062723c751e8b465ee728b)  -> (artifact id: '7343bc17d175c4f9017f443a5d9a1163') in 0.012743 seconds 
========================================================================
Received Import Request.
  Time since last request: 0.757399 seconds.
  path: Assets/Kevin Iglesias/Basic Motions/AnimationControllers/BasicMotions@Skid01.controller
  artifactKey: Guid(5e612b81603cd0646a4b07b138d55f3b) Importer(815301076,1909f56bfc062723c751e8b465ee728b)
Start importing Assets/Kevin Iglesias/Basic Motions/AnimationControllers/BasicMotions@Skid01.controller using Guid(5e612b81603cd0646a4b07b138d55f3b) Importer(815301076,1909f56bfc062723c751e8b465ee728b)  -> (artifact id: '23c0dda7334ce140dbbd63440d7b1340') in 0.010478 seconds 
========================================================================
Received Import Request.
  Time since last request: 0.086450 seconds.
  path: Assets/Kevin Iglesias/Basic Motions/AnimationControllers/BasicMotions@Skid02.controller
  artifactKey: Guid(fd06d27ffdbe79f4a9403582598802c5) Importer(815301076,1909f56bfc062723c751e8b465ee728b)
Start importing Assets/Kevin Iglesias/Basic Motions/AnimationControllers/BasicMotions@Skid02.controller using Guid(fd06d27ffdbe79f4a9403582598802c5) Importer(815301076,1909f56bfc062723c751e8b465ee728b)  -> (artifact id: '578c9582159634d4cc2aa81cee143cdb') in 0.011228 seconds 
========================================================================
Received Import Request.
  Time since last request: 0.501746 seconds.
  path: Assets/Kevin Iglesias/Basic Motions/AnimationControllers/BasicMotions@Sprint01 - Forwards Right.controller
  artifactKey: Guid(5c3fb8c4df4cca2409cbc8e586a25b72) Importer(815301076,1909f56bfc062723c751e8b465ee728b)
Start importing Assets/Kevin Iglesias/Basic Motions/AnimationControllers/BasicMotions@Sprint01 - Forwards Right.controller using Guid(5c3fb8c4df4cca2409cbc8e586a25b72) Importer(815301076,1909f56bfc062723c751e8b465ee728b)  -> (artifact id: '0b7f7983de9a3b75de485ec8a12e436a') in 0.008727 seconds 
========================================================================
Received Import Request.
  Time since last request: 0.313343 seconds.
  path: Assets/Kevin Iglesias/Basic Motions/AnimationControllers/BasicMotions@Sprint01 - Forwards.controller
  artifactKey: Guid(8c58aa02341e3134ca1cce533e31662a) Importer(815301076,1909f56bfc062723c751e8b465ee728b)
Start importing Assets/Kevin Iglesias/Basic Motions/AnimationControllers/BasicMotions@Sprint01 - Forwards.controller using Guid(8c58aa02341e3134ca1cce533e31662a) Importer(815301076,1909f56bfc062723c751e8b465ee728b)  -> (artifact id: '1fc86df81a2bd75a17ef2c267ad235f3') in 0.010913 seconds 
========================================================================
Received Import Request.
  Time since last request: 0.728849 seconds.
  path: Assets/Kevin Iglesias/Basic Motions/AnimationControllers/BasicMotions@Run01 - Backwards.controller
  artifactKey: Guid(13b53a7145ca985418b902e8eec36e2d) Importer(815301076,1909f56bfc062723c751e8b465ee728b)
Start importing Assets/Kevin Iglesias/Basic Motions/AnimationControllers/BasicMotions@Run01 - Backwards.controller using Guid(13b53a7145ca985418b902e8eec36e2d) Importer(815301076,1909f56bfc062723c751e8b465ee728b)  -> (artifact id: '9ce6c4889965bcbdcf192973fe87c57d') in 0.008852 seconds 
========================================================================
Received Import Request.
  Time since last request: 1.573465 seconds.
  path: Assets/Kevin Iglesias/Basic Motions/AnimationControllers/BasicMotions@Run01 - Backwards Right.controller
  artifactKey: Guid(e8b0948dad46dce4f9fb5023e6128d55) Importer(815301076,1909f56bfc062723c751e8b465ee728b)
Start importing Assets/Kevin Iglesias/Basic Motions/AnimationControllers/BasicMotions@Run01 - Backwards Right.controller using Guid(e8b0948dad46dce4f9fb5023e6128d55) Importer(815301076,1909f56bfc062723c751e8b465ee728b)  -> (artifact id: '677679520f7245cdcba7ec0cd18c268d') in 0.009914 seconds 
========================================================================
Received Import Request.
  Time since last request: 0.305925 seconds.
  path: Assets/Kevin Iglesias/Basic Motions/AnimationControllers/BasicMotions@Run01 - Backwards Left.controller
  artifactKey: Guid(dcd5548d975ff394289a98a126198789) Importer(815301076,1909f56bfc062723c751e8b465ee728b)
Start importing Assets/Kevin Iglesias/Basic Motions/AnimationControllers/BasicMotions@Run01 - Backwards Left.controller using Guid(dcd5548d975ff394289a98a126198789) Importer(815301076,1909f56bfc062723c751e8b465ee728b)  -> (artifact id: '6b17127e8f3c8f2d0c5e9a227fbe0925') in 0.010156 seconds 
========================================================================
Received Import Request.
  Time since last request: 1.477576 seconds.
  path: Assets/Kevin Iglesias/Basic Motions/AnimationControllers/BasicMotions@Sprint01 - Left.controller
  artifactKey: Guid(ba5a2d9ddaea29043ac515ffe2ba3f45) Importer(815301076,1909f56bfc062723c751e8b465ee728b)
Start importing Assets/Kevin Iglesias/Basic Motions/AnimationControllers/BasicMotions@Sprint01 - Left.controller using Guid(ba5a2d9ddaea29043ac515ffe2ba3f45) Importer(815301076,1909f56bfc062723c751e8b465ee728b)  -> (artifact id: '10bb97437dc3505934312adbcaf60588') in 0.009382 seconds 
========================================================================
Received Import Request.
  Time since last request: 0.190812 seconds.
  path: Assets/Kevin Iglesias/Basic Motions/AnimationControllers/BasicMotions@Sprint01 - Right.controller
  artifactKey: Guid(376725bff3c030f40bfaf7fc3ee79a28) Importer(815301076,1909f56bfc062723c751e8b465ee728b)
Start importing Assets/Kevin Iglesias/Basic Motions/AnimationControllers/BasicMotions@Sprint01 - Right.controller using Guid(376725bff3c030f40bfaf7fc3ee79a28) Importer(815301076,1909f56bfc062723c751e8b465ee728b)  -> (artifact id: 'c207c4fddadcdd74f33ac149ed15b224') in 0.009187 seconds 
========================================================================
Received Import Request.
  Time since last request: 0.206316 seconds.
  path: Assets/Kevin Iglesias/Basic Motions/AnimationControllers/BasicMotions@Sprint01- Forwards Left.controller
  artifactKey: Guid(fbdf394d8eebb5f4390b6f41ed0ef4cb) Importer(815301076,1909f56bfc062723c751e8b465ee728b)
Start importing Assets/Kevin Iglesias/Basic Motions/AnimationControllers/BasicMotions@Sprint01- Forwards Left.controller using Guid(fbdf394d8eebb5f4390b6f41ed0ef4cb) Importer(815301076,1909f56bfc062723c751e8b465ee728b)  -> (artifact id: '92d2677a8600cb4c5ef5876a5df5d6ff') in 0.010105 seconds 
========================================================================
Received Import Request.
  Time since last request: 0.374172 seconds.
  path: Assets/Kevin Iglesias/Basic Motions/AnimationControllers/BasicMotions@Strafe01.controller
  artifactKey: Guid(bafeae56433616b4ea4675d727f39c2f) Importer(815301076,1909f56bfc062723c751e8b465ee728b)
Start importing Assets/Kevin Iglesias/Basic Motions/AnimationControllers/BasicMotions@Strafe01.controller using Guid(bafeae56433616b4ea4675d727f39c2f) Importer(815301076,1909f56bfc062723c751e8b465ee728b)  -> (artifact id: '788518ad89f91a61520ce5b0987943d6') in 0.003770 seconds 
========================================================================
Received Import Request.
  Time since last request: 0.950569 seconds.
  path: Assets/Kevin Iglesias/Basic Motions/AnimationControllers/BasicMotions@Stunned01.controller
  artifactKey: Guid(2714daf3588b89f4b9e50fbbe33a96bb) Importer(815301076,1909f56bfc062723c751e8b465ee728b)
Start importing Assets/Kevin Iglesias/Basic Motions/AnimationControllers/BasicMotions@Stunned01.controller using Guid(2714daf3588b89f4b9e50fbbe33a96bb) Importer(815301076,1909f56bfc062723c751e8b465ee728b)  -> (artifact id: 'f7cbdf68fd0449615372498916aece29') in 0.010726 seconds 
========================================================================
Received Import Request.
  Time since last request: 0.412734 seconds.
  path: Assets/Kevin Iglesias/Basic Motions/AnimationControllers/BasicMotions@Swim01 - Backwards Left.controller
  artifactKey: Guid(1d0916ec669fd5c4eb05b6ff72d2180a) Importer(815301076,1909f56bfc062723c751e8b465ee728b)
Start importing Assets/Kevin Iglesias/Basic Motions/AnimationControllers/BasicMotions@Swim01 - Backwards Left.controller using Guid(1d0916ec669fd5c4eb05b6ff72d2180a) Importer(815301076,1909f56bfc062723c751e8b465ee728b)  -> (artifact id: '39b272865aedb652f9a724d587e4017c') in 0.011689 seconds 
========================================================================
Received Import Request.
  Time since last request: 0.796219 seconds.
  path: Assets/Kevin Iglesias/Basic Motions/AnimationControllers/BasicMotions@Swim01 - Backwards Right.controller
  artifactKey: Guid(faaf1c97db1ae6b4783e5958d83536ab) Importer(815301076,1909f56bfc062723c751e8b465ee728b)
Start importing Assets/Kevin Iglesias/Basic Motions/AnimationControllers/BasicMotions@Swim01 - Backwards Right.controller using Guid(faaf1c97db1ae6b4783e5958d83536ab) Importer(815301076,1909f56bfc062723c751e8b465ee728b)  -> (artifact id: '47f12375a1ef9930af6f07a1402b3554') in 0.010338 seconds 
========================================================================
Received Import Request.
  Time since last request: 1.775713 seconds.
  path: Assets/Kevin Iglesias/Basic Motions/AnimationControllers/BasicMotions@Swim01 - Backwards.controller
  artifactKey: Guid(6c947eba2b691b742abf6af5e923253b) Importer(815301076,1909f56bfc062723c751e8b465ee728b)
Start importing Assets/Kevin Iglesias/Basic Motions/AnimationControllers/BasicMotions@Swim01 - Backwards.controller using Guid(6c947eba2b691b742abf6af5e923253b) Importer(815301076,1909f56bfc062723c751e8b465ee728b)  -> (artifact id: '6d585a73d58c2d095368ab31556489f4') in 0.009682 seconds 
========================================================================
Received Import Request.
  Time since last request: 1.097938 seconds.
  path: Assets/Kevin Iglesias/Basic Motions/AnimationControllers/BasicMotions@Swim01 - Downwards.controller
  artifactKey: Guid(44ac4aa0123750c4c99985ce2bbebbb4) Importer(815301076,1909f56bfc062723c751e8b465ee728b)
Start importing Assets/Kevin Iglesias/Basic Motions/AnimationControllers/BasicMotions@Swim01 - Downwards.controller using Guid(44ac4aa0123750c4c99985ce2bbebbb4) Importer(815301076,1909f56bfc062723c751e8b465ee728b)  -> (artifact id: '3f56df436aa5191b370f27009b199c43') in 0.009613 seconds 
========================================================================
Received Import Request.
  Time since last request: 0.404301 seconds.
  path: Assets/Kevin Iglesias/Basic Motions/AnimationControllers/BasicMotions@Swim01 - Drown.controller
  artifactKey: Guid(34e8806781c351f4497fc0230c2cab02) Importer(815301076,1909f56bfc062723c751e8b465ee728b)
Start importing Assets/Kevin Iglesias/Basic Motions/AnimationControllers/BasicMotions@Swim01 - Drown.controller using Guid(34e8806781c351f4497fc0230c2cab02) Importer(815301076,1909f56bfc062723c751e8b465ee728b)  -> (artifact id: '5255b7cfa224b8b705120e9ef929218c') in 0.012499 seconds 
========================================================================
Received Import Request.
  Time since last request: 0.917687 seconds.
  path: Assets/Kevin Iglesias/Basic Motions/AnimationControllers/BasicMotions@Swim01 - Drowned.controller
  artifactKey: Guid(6374534f77e33814ab0cdb28cdc30b0a) Importer(815301076,1909f56bfc062723c751e8b465ee728b)
Start importing Assets/Kevin Iglesias/Basic Motions/AnimationControllers/BasicMotions@Swim01 - Drowned.controller using Guid(6374534f77e33814ab0cdb28cdc30b0a) Importer(815301076,1909f56bfc062723c751e8b465ee728b)  -> (artifact id: 'ff0c76442b1b665cee90294ddd9a7c0f') in 0.018560 seconds 
========================================================================
Received Import Request.
  Time since last request: 0.547787 seconds.
  path: Assets/Kevin Iglesias/Basic Motions/AnimationControllers/BasicMotions@Swim01 - Forwards Left.controller
  artifactKey: Guid(96ae1a7ad2e2c19479fdac9131f77dff) Importer(815301076,1909f56bfc062723c751e8b465ee728b)
Start importing Assets/Kevin Iglesias/Basic Motions/AnimationControllers/BasicMotions@Swim01 - Forwards Left.controller using Guid(96ae1a7ad2e2c19479fdac9131f77dff) Importer(815301076,1909f56bfc062723c751e8b465ee728b)  -> (artifact id: '692249dc141001567445ea69a00e3dd6') in 0.010089 seconds 
========================================================================
Received Import Request.
  Time since last request: 0.751773 seconds.
  path: Assets/Kevin Iglesias/Basic Motions/AnimationControllers/BasicMotions@Swim01 - Forwards Right.controller
  artifactKey: Guid(2f4119340e2e50c45bd84a0ced0da85a) Importer(815301076,1909f56bfc062723c751e8b465ee728b)
Start importing Assets/Kevin Iglesias/Basic Motions/AnimationControllers/BasicMotions@Swim01 - Forwards Right.controller using Guid(2f4119340e2e50c45bd84a0ced0da85a) Importer(815301076,1909f56bfc062723c751e8b465ee728b)  -> (artifact id: '397dc68040373c95a0ed3d61573cc31d') in 0.011360 seconds 
========================================================================
Received Import Request.
  Time since last request: 0.615109 seconds.
  path: Assets/Kevin Iglesias/Basic Motions/AnimationControllers/BasicMotions@Swim01 - Forwards.controller
  artifactKey: Guid(ecf7d71a4d66ad546b75eb6864913936) Importer(815301076,1909f56bfc062723c751e8b465ee728b)
Start importing Assets/Kevin Iglesias/Basic Motions/AnimationControllers/BasicMotions@Swim01 - Forwards.controller using Guid(ecf7d71a4d66ad546b75eb6864913936) Importer(815301076,1909f56bfc062723c751e8b465ee728b)  -> (artifact id: 'bb47c6a8c017133dc2ab5e4e6ff4e807') in 0.010795 seconds 
========================================================================
Received Import Request.
  Time since last request: 1.285675 seconds.
  path: Assets/Kevin Iglesias/Basic Motions/AnimationControllers/BasicMotions@Swim01 - Idle.controller
  artifactKey: Guid(a3346f3ebfb6f5146a3efbc18578b692) Importer(815301076,1909f56bfc062723c751e8b465ee728b)
Start importing Assets/Kevin Iglesias/Basic Motions/AnimationControllers/BasicMotions@Swim01 - Idle.controller using Guid(a3346f3ebfb6f5146a3efbc18578b692) Importer(815301076,1909f56bfc062723c751e8b465ee728b)  -> (artifact id: '7ded2ee082781d0b0626c60588e097dd') in 0.010404 seconds 
========================================================================
Received Import Request.
  Time since last request: 1.816143 seconds.
  path: Assets/Kevin Iglesias/Basic Motions/AnimationControllers/BasicMotions@Swim01 - Left.controller
  artifactKey: Guid(a67c9eedbd1d8fa43a333fa011376ee2) Importer(815301076,1909f56bfc062723c751e8b465ee728b)
Start importing Assets/Kevin Iglesias/Basic Motions/AnimationControllers/BasicMotions@Swim01 - Left.controller using Guid(a67c9eedbd1d8fa43a333fa011376ee2) Importer(815301076,1909f56bfc062723c751e8b465ee728b)  -> (artifact id: '8629d227b822c8d9a28741b58745b48c') in 0.009776 seconds 
========================================================================
Received Import Request.
  Time since last request: 0.744453 seconds.
  path: Assets/Kevin Iglesias/Basic Motions/AnimationControllers/BasicMotions@Swim01 - Right.controller
  artifactKey: Guid(e50950a187e7dc241b3e16c12560bf4e) Importer(815301076,1909f56bfc062723c751e8b465ee728b)
Start importing Assets/Kevin Iglesias/Basic Motions/AnimationControllers/BasicMotions@Swim01 - Right.controller using Guid(e50950a187e7dc241b3e16c12560bf4e) Importer(815301076,1909f56bfc062723c751e8b465ee728b)  -> (artifact id: '2357b22e310def2295009d60d7dc20b7') in 0.010110 seconds 
========================================================================
Received Import Request.
  Time since last request: 0.357246 seconds.
  path: Assets/Kevin Iglesias/Basic Motions/AnimationControllers/BasicMotions@Swim01 - Upwards.controller
  artifactKey: Guid(d479f6f98b8fe844f80ff88ed17b6891) Importer(815301076,1909f56bfc062723c751e8b465ee728b)
Start importing Assets/Kevin Iglesias/Basic Motions/AnimationControllers/BasicMotions@Swim01 - Upwards.controller using Guid(d479f6f98b8fe844f80ff88ed17b6891) Importer(815301076,1909f56bfc062723c751e8b465ee728b)  -> (artifact id: '762878ffd2522009a72190a6aaf12d89') in 0.011064 seconds 
========================================================================
Received Import Request.
  Time since last request: 0.590821 seconds.
  path: Assets/Kevin Iglesias/Basic Motions/AnimationControllers/BasicMotions@Talk - Common01.controller
  artifactKey: Guid(5a307a8695fc5ad4f970e1af71a7d141) Importer(815301076,1909f56bfc062723c751e8b465ee728b)
Start importing Assets/Kevin Iglesias/Basic Motions/AnimationControllers/BasicMotions@Talk - Common01.controller using Guid(5a307a8695fc5ad4f970e1af71a7d141) Importer(815301076,1909f56bfc062723c751e8b465ee728b)  -> (artifact id: 'dee0a1a5b3ac51e184fe49b0a45953b4') in 0.012945 seconds 
========================================================================
Received Import Request.
  Time since last request: 15.370899 seconds.
  path: Assets/Kevin Iglesias/Basic Motions/Animations/Movement/Swim/BasicMotions@Swim01 [RM].fbx
  artifactKey: Guid(614bb8ba4374a694dadda5b7321a2c2c) Importer(815301076,1909f56bfc062723c751e8b465ee728b)
Start importing Assets/Kevin Iglesias/Basic Motions/Animations/Movement/Swim/BasicMotions@Swim01 [RM].fbx using Guid(614bb8ba4374a694dadda5b7321a2c2c) Importer(815301076,1909f56bfc062723c751e8b465ee728b)  -> (artifact id: '89dd0a52c52c2e8f846373337d99c57f') in 0.030787 seconds 
========================================================================
Received Import Request.
  Time since last request: 0.000020 seconds.
  path: Assets/Kevin Iglesias/Basic Motions/Animations/Movement/Swim/BasicMotions@SwimIdle01.fbx
  artifactKey: Guid(d5df983f2d17ac343835adfd0acde4a7) Importer(815301076,1909f56bfc062723c751e8b465ee728b)
Start importing Assets/Kevin Iglesias/Basic Motions/Animations/Movement/Swim/BasicMotions@SwimIdle01.fbx using Guid(d5df983f2d17ac343835adfd0acde4a7) Importer(815301076,1909f56bfc062723c751e8b465ee728b)  -> (artifact id: '1269db7604c0603f55230bdd393c7304') in 0.016729 seconds 
========================================================================
Received Import Request.
  Time since last request: 34.174321 seconds.
  path: Assets/Kevin Iglesias/Basic Motions/AnimationControllers/BasicMotions@Wave01.controller
  artifactKey: Guid(302f36a64967a064e8b9f3513f62e951) Importer(815301076,1909f56bfc062723c751e8b465ee728b)
Start importing Assets/Kevin Iglesias/Basic Motions/AnimationControllers/BasicMotions@Wave01.controller using Guid(302f36a64967a064e8b9f3513f62e951) Importer(815301076,1909f56bfc062723c751e8b465ee728b)  -> (artifact id: '3d26620637dd060d2706add70670e6d2') in 0.075965 seconds 
========================================================================
Received Import Request.
  Time since last request: 1.522780 seconds.
  path: Assets/Kevin Iglesias/Basic Motions/AnimationControllers/BasicMotions@Walk01 - Right.controller
  artifactKey: Guid(99040dc523bb6bb468cbbad20f724b58) Importer(815301076,1909f56bfc062723c751e8b465ee728b)
Start importing Assets/Kevin Iglesias/Basic Motions/AnimationControllers/BasicMotions@Walk01 - Right.controller using Guid(99040dc523bb6bb468cbbad20f724b58) Importer(815301076,1909f56bfc062723c751e8b465ee728b)  -> (artifact id: 'fc1b4be221f098ff024363f9a22d1bb3') in 0.010071 seconds 
========================================================================
Received Import Request.
  Time since last request: 2.508973 seconds.
  path: Assets/Kevin Iglesias/Basic Motions/AnimationControllers/BasicMotions@TurnAroundLeft02.controller
  artifactKey: Guid(4bd8e1ee78c70d449a8cc685dfd538f5) Importer(815301076,1909f56bfc062723c751e8b465ee728b)
Start importing Assets/Kevin Iglesias/Basic Motions/AnimationControllers/BasicMotions@TurnAroundLeft02.controller using Guid(4bd8e1ee78c70d449a8cc685dfd538f5) Importer(815301076,1909f56bfc062723c751e8b465ee728b)  -> (artifact id: '891338dd3caf5ce2ef9f067c38e12781') in 0.010147 seconds 
========================================================================
Received Import Request.
  Time since last request: 0.581820 seconds.
  path: Assets/Kevin Iglesias/Basic Motions/AnimationControllers/BasicMotions@TurnAroundLeft01.controller
  artifactKey: Guid(ea7f2dd546e537749b484320ae77e422) Importer(815301076,1909f56bfc062723c751e8b465ee728b)
Start importing Assets/Kevin Iglesias/Basic Motions/AnimationControllers/BasicMotions@TurnAroundLeft01.controller using Guid(ea7f2dd546e537749b484320ae77e422) Importer(815301076,1909f56bfc062723c751e8b465ee728b)  -> (artifact id: '5aa6cef1563739edb4ccbd7d995d0036') in 0.011738 seconds 
========================================================================
Received Import Request.
  Time since last request: 29.029262 seconds.
  path: Assets/Kevin Iglesias/Basic Motions/Animations/Misc/BasicMotions@FallOnGround01.fbx
  artifactKey: Guid(f4abdbc82acd4fa4cbfd909f679b22a7) Importer(815301076,1909f56bfc062723c751e8b465ee728b)
Start importing Assets/Kevin Iglesias/Basic Motions/Animations/Misc/BasicMotions@FallOnGround01.fbx using Guid(f4abdbc82acd4fa4cbfd909f679b22a7) Importer(815301076,1909f56bfc062723c751e8b465ee728b)  -> (artifact id: 'eb3d1e2835382e0460a6247a6a79ace8') in 0.026342 seconds 
========================================================================
Received Import Request.
  Time since last request: 0.000033 seconds.
  path: Assets/Kevin Iglesias/Basic Motions/Animations/Misc/BasicMotions@SitGround01.fbx
  artifactKey: Guid(abe666b672568124c85e211c5f239089) Importer(815301076,1909f56bfc062723c751e8b465ee728b)
Start importing Assets/Kevin Iglesias/Basic Motions/Animations/Misc/BasicMotions@SitGround01.fbx using Guid(abe666b672568124c85e211c5f239089) Importer(815301076,1909f56bfc062723c751e8b465ee728b)  -> (artifact id: '8811ae542d706eedc9c74ac0f22b2648') in 0.020884 seconds 
========================================================================
Received Import Request.
  Time since last request: 0.000021 seconds.
  path: Assets/Kevin Iglesias/Basic Motions/Animations/Misc/BasicMotions@SitHigh01.fbx
  artifactKey: Guid(997f5c8b30f156d48b5c84a1c2198929) Importer(815301076,1909f56bfc062723c751e8b465ee728b)
Start importing Assets/Kevin Iglesias/Basic Motions/Animations/Misc/BasicMotions@SitHigh01.fbx using Guid(997f5c8b30f156d48b5c84a1c2198929) Importer(815301076,1909f56bfc062723c751e8b465ee728b)  -> (artifact id: '565bccd5766abf33bbb5d56eef00e9d3') in 0.022614 seconds 
========================================================================
Received Import Request.
  Time since last request: 0.000024 seconds.
  path: Assets/Kevin Iglesias/Basic Motions/Animations/Misc/BasicMotions@SitLow01.fbx
  artifactKey: Guid(c809d444a76731846aaaaa816b3d3730) Importer(815301076,1909f56bfc062723c751e8b465ee728b)
Start importing Assets/Kevin Iglesias/Basic Motions/Animations/Misc/BasicMotions@SitLow01.fbx using Guid(c809d444a76731846aaaaa816b3d3730) Importer(815301076,1909f56bfc062723c751e8b465ee728b)  -> (artifact id: 'd4aca594a0df11e10b44a8dc79db9de6') in 0.024782 seconds 
Editor requested this worker to shutdown with reason: Scaling down because of idle timeout
AssetImportWorker is now disconnected from the server
Process exiting
Exiting without the bug reporter. Application will terminate with return code 0